[18:0:59] [INFO] [loger] Logging module started
[18:2:34] [INFO] [loger] Logging module started
[18:2:52] [INFO] [loger] Logging module started
[18:2:52] [INFO] [loger] Logging module started
[18:3:2] [INFO] [loger] Logging module started
[18:5:43] [INFO] [loger] Logging module started
[18:5:51] [INFO] [loger] Logging module started
[18:6:52] [INFO] [loger] Logging module started
[18:10:43] [INFO] [loger] Logging module started
[18:11:47] [INFO] [loger] Logging module started
[18:14:21] [INFO] [loger] Logging module started
[18:16:8] [INFO] [loger] Logging module started
[18:16:8] [INFO] [URSecurity] Succes load SSL
[18:16:8] [INFO] [web components] Succes starting server
[18:16:8] [INFO] [UPStarter] Succes starting UPStarter
[18:16:8] [INFO] [URSystem] System started
[18:16:56] [INFO] [loger] Logging module started
[18:16:56] [INFO] [URSecurity] Succes load SSL
[18:16:56] [INFO] [web components] Succes starting server
[18:16:56] [INFO] [UPStarter] Succes starting UPStarter
[18:16:56] [INFO] [URSystem] System started
[18:18:18] [INFO] [loger] Logging module started
[18:18:18] [INFO] [URSecurity] Succes load SSL
[18:18:18] [INFO] [web components] Succes starting server
[18:18:18] [INFO] [UPStarter] Succes starting UPStarter
[18:18:18] [INFO] [URSystem] System started
[18:19:50] [INFO] [loger] Logging module started
[18:19:50] [INFO] [URSecurity] Succes load SSL
[18:19:50] [INFO] [web components] Succes starting server
[18:19:50] [INFO] [UPStarter] Succes starting UPStarter
[18:19:50] [INFO] [URSystem] System started
[18:20:45] [INFO] [loger] Logging module started
[18:20:45] [INFO] [URSecurity] Succes load SSL
[18:20:45] [INFO] [web components] Succes starting server
[18:20:45] [INFO] [UPStarter] Succes starting UPStarter
[18:20:45] [INFO] [URSystem] System started
[18:21:41] [INFO] [loger] Logging module started
[18:21:41] [INFO] [URSecurity] Succes load SSL
[18:21:41] [INFO] [web components] Succes starting server
[18:21:41] [INFO] [UPStarter] Succes starting UPStarter
[18:21:41] [INFO] [URSystem] System started
[18:35:11] [INFO] [loger] Logging module started
[18:35:11] [INFO] [loger] Logging module started
[18:35:11] [INFO] [URSecurity] Succes load SSL
[18:35:11] [INFO] [web components] Succes starting server
[18:35:11] [INFO] [UPStarter] Succes starting UPStarter
[18:35:11] [INFO] [URSystem] System started
[18:36:2] [INFO] [loger] Logging module started
[18:36:2] [INFO] [loger] Logging module started
[18:36:2] [INFO] [URSecurity] Succes load SSL
[18:36:2] [INFO] [web components] Succes starting server
[18:36:2] [INFO] [UPStarter] Succes starting UPStarter
[18:36:2] [INFO] [URSystem] System started
[18:37:51] [INFO] [loger] Logging module started
[18:37:51] [INFO] [loger] Logging module started
[18:37:51] [INFO] [URSecurity] Succes load SSL
[18:37:51] [INFO] [web components] Succes starting server
[18:37:51] [INFO] [UPStarter] Succes starting UPStarter
[18:37:51] [INFO] [URSystem] System started
[18:39:26] [INFO] [loger] Logging module started
[18:39:26] [INFO] [loger] Logging module started
[18:39:26] [INFO] [URSecurity] Succes load SSL
[18:39:26] [INFO] [web components] Succes starting server
[18:39:26] [INFO] [UPStarter] Succes starting UPStarter
[18:39:26] [INFO] [URSystem] System started
[18:40:29] [INFO] [loger] Logging module started
[18:40:29] [INFO] [loger] Logging module started
[18:40:29] [INFO] [URSecurity] Succes load SSL
[18:40:29] [INFO] [web components] Succes starting server
[18:40:29] [INFO] [UPStarter] Succes starting UPStarter
[18:40:29] [INFO] [URSystem] System started
[18:43:22] [INFO] [loger] Logging module started
[18:43:22] [INFO] [loger] Logging module started
[18:43:42] [INFO] [loger] Logging module started
[18:43:42] [INFO] [loger] Logging module started
[18:43:49] [INFO] [loger] Logging module started
[18:43:49] [INFO] [loger] Logging module started
[18:43:49] [INFO] [URSecurity] Succes load SSL
[18:43:49] [INFO] [web components] Succes starting server
[18:43:49] [INFO] [UPStarter] Succes starting UPStarter
[18:43:49] [INFO] [URSystem] System started
[18:44:17] [INFO] [loger] Logging module started
[18:44:17] [INFO] [loger] Logging module started
[18:44:17] [INFO] [URSecurity] Succes load SSL
[18:44:17] [INFO] [web components] Succes starting server
[18:44:17] [INFO] [UPStarter] Succes starting UPStarter
[18:44:17] [INFO] [URSystem] System started
[18:45:2] [INFO] [loger] Logging module started
[18:45:2] [INFO] [loger] Logging module started
[18:45:2] [INFO] [URSecurity] Succes load SSL
[18:45:2] [INFO] [web components] Succes starting server
[18:45:2] [INFO] [UPStarter] Succes starting UPStarter
[18:45:2] [INFO] [URSystem] System started
[18:46:29] [INFO] [loger] Logging module started
[18:46:29] [INFO] [loger] Logging module started
[18:46:29] [INFO] [URSecurity] Succes load SSL
[18:46:29] [INFO] [web components] Succes starting server
[18:46:29] [INFO] [UPStarter] Succes starting UPStarter
[18:46:29] [INFO] [URSystem] System started
[18:48:32] [INFO] [loger] Logging module started
[18:48:32] [INFO] [loger] Logging module started
[18:48:32] [INFO] [URSecurity] Succes load SSL
[18:48:32] [INFO] [web components] Succes starting server
[18:48:32] [INFO] [UPStarter] Succes starting UPStarter
[18:48:33] [INFO] [URSystem] System started
[18:50:21] [INFO] [loger] Logging module started
[18:50:21] [INFO] [loger] Logging module started
[18:50:21] [INFO] [URSecurity] Succes load SSL
[18:50:21] [INFO] [web components] Succes starting server
[18:50:21] [INFO] [UPStarter] Succes starting UPStarter
[18:50:21] [INFO] [URSystem] System started
[18:50:47] [INFO] [loger] Logging module started
[18:50:47] [INFO] [loger] Logging module started
[18:50:47] [INFO] [URSecurity] Succes load SSL
[18:50:47] [INFO] [web components] Succes starting server
[18:50:47] [INFO] [UPStarter] Succes starting UPStarter
[18:50:47] [INFO] [URSystem] System started
[18:52:29] [INFO] [loger] Logging module started
[18:52:29] [INFO] [loger] Logging module started
[18:52:29] [INFO] [URSecurity] Succes load SSL
[18:52:29] [INFO] [web components] Succes starting server
[18:52:29] [INFO] [UPStarter] Succes starting UPStarter
[18:52:29] [INFO] [URSystem] System started
[18:52:51] [INFO] [loger] Logging module started
[18:52:51] [INFO] [loger] Logging module started
[18:52:51] [INFO] [URSecurity] Succes load SSL
[18:52:51] [INFO] [web components] Succes starting server
[18:52:51] [INFO] [UPStarter] Succes starting UPStarter
[18:52:51] [INFO] [URSystem] System started
[18:53:19] [INFO] [loger] Logging module started
[18:53:19] [INFO] [loger] Logging module started
[18:53:19] [INFO] [URSecurity] Succes load SSL
[18:53:19] [INFO] [web components] Succes starting server
[18:53:19] [INFO] [UPStarter] Succes starting UPStarter
[18:53:19] [INFO] [URSystem] System started
[18:54:23] [INFO] [loger] Logging module started
[18:54:23] [INFO] [loger] Logging module started
[18:54:23] [INFO] [URSecurity] Succes load SSL
[18:54:23] [INFO] [web components] Succes starting server
[18:54:23] [INFO] [UPStarter] Succes starting UPStarter
[18:54:23] [INFO] [URSystem] System started
[18:55:9] [INFO] [loger] Logging module started
[18:55:9] [INFO] [loger] Logging module started
[18:55:9] [INFO] [URSecurity] Succes load SSL
[18:55:9] [INFO] [web components] Succes starting server
[18:55:9] [INFO] [UPStarter] Succes starting UPStarter
[18:55:9] [INFO] [URSystem] System started
[18:55:52] [INFO] [loger] Logging module started
[18:55:52] [INFO] [loger] Logging module started
[18:55:52] [INFO] [URSecurity] Succes load SSL
[18:55:52] [INFO] [web components] Succes starting server
[18:55:52] [INFO] [UPStarter] Succes starting UPStarter
[18:55:52] [INFO] [URSystem] System started
[18:57:5] [INFO] [loger] Logging module started
[18:57:5] [INFO] [loger] Logging module started
[18:57:5] [INFO] [URSecurity] Succes load SSL
[18:57:5] [INFO] [web components] Succes starting server
[18:57:5] [INFO] [UPStarter] Succes starting UPStarter
[18:57:5] [INFO] [URSystem] System started
[18:57:44] [INFO] [loger] Logging module started
[18:57:44] [INFO] [loger] Logging module started
[18:57:44] [INFO] [URSecurity] Succes load SSL
[18:57:44] [INFO] [web components] Succes starting server
[18:57:44] [INFO] [UPStarter] Succes starting UPStarter
[18:57:44] [INFO] [URSystem] System started
[18:59:56] [INFO] [loger] Logging module started
[18:59:56] [INFO] [loger] Logging module started
[18:59:56] [INFO] [URSecurity] Succes load SSL
[18:59:56] [INFO] [web components] Succes starting server
[18:59:56] [INFO] [UPStarter] Succes starting UPStarter
[18:59:56] [INFO] [URSystem] System started
[19:0:13] [INFO] [loger] Logging module started
[19:0:14] [INFO] [loger] Logging module started
[19:0:14] [INFO] [URSecurity] Succes load SSL
[19:0:14] [INFO] [web components] Succes starting server
[19:0:14] [INFO] [UPStarter] Succes starting UPStarter
[19:0:14] [INFO] [URSystem] System started
[19:1:8] [INFO] [loger] Logging module started
[19:1:8] [INFO] [loger] Logging module started
[19:1:8] [INFO] [URSecurity] Succes load SSL
[19:1:8] [INFO] [web components] Succes starting server
[19:1:8] [INFO] [UPStarter] Succes starting UPStarter
[19:1:8] [INFO] [URSystem] System started
[19:4:5] [INFO] [loger] Logging module started
[19:4:5] [INFO] [loger] Logging module started
[19:4:5] [INFO] [URSecurity] Succes load SSL
[19:4:5] [INFO] [web components] Succes starting server
[19:4:5] [INFO] [UPStarter] Succes starting UPStarter
[19:4:5] [INFO] [URSystem] System started
[19:4:41] [INFO] [loger] Logging module started
[19:4:41] [INFO] [loger] Logging module started
[19:4:41] [INFO] [URSecurity] Succes load SSL
[19:4:41] [INFO] [web components] Succes starting server
[19:4:41] [INFO] [UPStarter] Succes starting UPStarter
[19:4:41] [INFO] [URSystem] System started
[19:13:15] [INFO] [loger] Logging module started
[19:14:59] [INFO] [loger] Logging module started
[19:14:59] [INFO] [URSecurity] Succes load SSL
[19:14:59] [INFO] [web components] Succes starting server
[19:14:59] [INFO] [UPStarter] Succes starting UPStarter
[19:14:59] [INFO] [URSystem] System started
[19:22:4] [INFO] [loger] Logging module started
[19:22:4] [INFO] [URSecurity] Succes load SSL
[19:22:4] [INFO] [web components] Succes starting server
[19:22:4] [INFO] [UPStarter] Succes starting UPStarter
[19:22:4] [INFO] [URSystem] System started
[19:22:35] [INFO] [loger] Logging module started
[19:22:35] [INFO] [URSecurity] Succes load SSL
[19:22:35] [INFO] [web components] Succes starting server
[19:22:35] [INFO] [UPStarter] Succes starting UPStarter
[19:22:35] [INFO] [URSystem] System started
[19:25:28] [INFO] [loger] Logging module started
[19:25:28] [INFO] [URSecurity] Succes load SSL
[19:25:28] [INFO] [web components] Succes starting server
[19:25:28] [INFO] [UPStarter] Succes starting UPStarter
[19:25:28] [INFO] [URSystem] System started
[19:31:57] [INFO] [loger] Logging module started
[19:31:57] [INFO] [URSecurity] Succes load SSL
[19:31:57] [INFO] [web components] Succes starting server
[19:31:57] [INFO] [UPStarter] Succes starting UPStarter
[19:31:57] [INFO] [URSystem] System started
[19:33:8] [INFO] [loger] Logging module started
[19:33:8] [INFO] [URSecurity] Succes load SSL
[19:33:8] [INFO] [web components] Succes starting server
[19:33:8] [INFO] [UPStarter] Succes starting UPStarter
[19:33:8] [INFO] [URSystem] System started
[19:33:56] [INFO] [loger] Logging module started
[19:33:56] [INFO] [URSecurity] Succes load SSL
[19:33:56] [INFO] [web components] Succes starting server
[19:33:56] [INFO] [UPStarter] Succes starting UPStarter
[19:33:56] [INFO] [URSystem] System started
[19:34:57] [INFO] [loger] Logging module started
[19:34:57] [INFO] [URSecurity] Succes load SSL
[19:34:57] [INFO] [web components] Succes starting server
[19:34:57] [INFO] [UPStarter] Succes starting UPStarter
[19:34:57] [INFO] [URSystem] System started
[19:35:19] [INFO] [loger] Logging module started
[19:35:19] [INFO] [URSecurity] Succes load SSL
[19:35:19] [INFO] [web components] Succes starting server
[19:35:19] [INFO] [UPStarter] Succes starting UPStarter
[19:35:19] [INFO] [URSystem] System started