[13:19:6] [INFO] [loger] Logging module started
[13:19:6] [INFO] [URSecurity] Succes load SSL
[13:19:6] [INFO] [web components] Succes starting server
[13:19:6] [INFO] [UPStarter] Succes starting UPStarter
[13:19:6] [INFO] [URSystem] System started
[13:19:42] [INFO] [loger] Logging module started
[13:19:42] [INFO] [URSecurity] Succes load SSL
[13:19:42] [INFO] [web components] Succes starting server
[13:19:42] [INFO] [UPStarter] Succes starting UPStarter
[13:19:42] [INFO] [URSystem] System started
[13:20:5] [INFO] [loger] Logging module started
[13:20:5] [INFO] [URSecurity] Succes load SSL
[13:20:5] [INFO] [web components] Succes starting server
[13:20:5] [INFO] [UPStarter] Succes starting UPStarter
[13:20:5] [INFO] [URSystem] System started
[13:21:10] [INFO] [loger] Logging module started
[13:21:10] [INFO] [URSecurity] Succes load SSL
[13:21:10] [INFO] [web components] Succes starting server
[13:21:10] [INFO] [UPStarter] Succes starting UPStarter
[13:21:10] [INFO] [URSystem] System started
[13:22:3] [INFO] [loger] Logging module started
[13:22:3] [INFO] [URSecurity] Succes load SSL
[13:22:3] [INFO] [web components] Succes starting server
[13:22:3] [INFO] [UPStarter] Succes starting UPStarter
[13:22:3] [INFO] [URSystem] System started
[15:22:36] [INFO] [loger] Logging module started
[15:22:36] [INFO] [URSecurity] Succes load SSL
[15:22:36] [INFO] [web components] Succes starting server
[15:22:36] [INFO] [UPStarter] Succes starting UPStarter
[15:22:36] [INFO] [URSystem] System started
[15:28:3] [INFO] [loger] Logging module started
[15:28:3] [INFO] [URSecurity] Succes load SSL
[15:28:3] [INFO] [web components] Succes starting server
[15:28:3] [INFO] [UPStarter] Succes starting UPStarter
[15:28:3] [INFO] [URSystem] System started
[15:29:17] [INFO] [loger] Logging module started
[15:29:17] [INFO] [URSecurity] Succes load SSL
[15:29:17] [INFO] [web components] Succes starting server
[15:29:17] [INFO] [UPStarter] Succes starting UPStarter
[15:29:17] [INFO] [URSystem] System started
[15:30:35] [INFO] [loger] Logging module started
[15:30:35] [INFO] [URSecurity] Succes load SSL
[15:30:35] [INFO] [web components] Succes starting server
[15:30:35] [INFO] [UPStarter] Succes starting UPStarter
[15:30:35] [INFO] [URSystem] System started
[15:31:36] [INFO] [loger] Logging module started
[15:31:36] [INFO] [URSecurity] Succes load SSL
[15:31:36] [INFO] [web components] Succes starting server
[15:31:36] [INFO] [UPStarter] Succes starting UPStarter
[15:31:36] [INFO] [URSystem] System started
[15:33:25] [INFO] [loger] Logging module started
[15:33:25] [INFO] [URSecurity] Succes load SSL
[15:33:25] [INFO] [web components] Succes starting server
[15:33:25] [INFO] [UPStarter] Succes starting UPStarter
[15:33:25] [INFO] [URSystem] System started
[15:36:3] [INFO] [loger] Logging module started
[15:36:3] [INFO] [URSecurity] Succes load SSL
[15:36:3] [INFO] [web components] Succes starting server
[15:36:3] [INFO] [UPStarter] Succes starting UPStarter
[15:36:3] [INFO] [URSystem] System started
[15:36:28] [INFO] [loger] Logging module started
[15:36:28] [INFO] [URSecurity] Succes load SSL
[15:36:28] [INFO] [web components] Succes starting server
[15:36:28] [INFO] [UPStarter] Succes starting UPStarter
[15:36:28] [INFO] [URSystem] System started
[15:37:2] [INFO] [loger] Logging module started
[15:37:2] [INFO] [URSecurity] Succes load SSL
[15:37:2] [INFO] [web components] Succes starting server
[15:37:3] [INFO] [UPStarter] Succes starting UPStarter
[15:37:3] [INFO] [URSystem] System started
[15:37:25] [INFO] [loger] Logging module started
[15:37:25] [INFO] [URSecurity] Succes load SSL
[15:37:25] [INFO] [web components] Succes starting server
[15:37:25] [INFO] [UPStarter] Succes starting UPStarter
[15:37:25] [INFO] [URSystem] System started
[15:39:0] [INFO] [loger] Logging module started
[15:39:0] [INFO] [URSecurity] Succes load SSL
[15:39:0] [INFO] [web components] Succes starting server
[15:39:0] [INFO] [UPStarter] Succes starting UPStarter
[15:39:0] [INFO] [URSystem] System started
[15:39:35] [INFO] [loger] Logging module started
[15:39:35] [INFO] [URSecurity] Succes load SSL
[15:39:35] [INFO] [web components] Succes starting server
[15:39:35] [INFO] [UPStarter] Succes starting UPStarter
[15:39:35] [INFO] [URSystem] System started
[15:41:58] [INFO] [loger] Logging module started
[15:41:58] [INFO] [URSecurity] Succes load SSL
[15:41:58] [INFO] [web components] Succes starting server
[15:41:58] [INFO] [UPStarter] Succes starting UPStarter
[15:41:58] [INFO] [URSystem] System started
[15:42:32] [INFO] [loger] Logging module started
[15:42:32] [INFO] [URSecurity] Succes load SSL
[15:42:32] [INFO] [web components] Succes starting server
[15:42:32] [INFO] [UPStarter] Succes starting UPStarter
[15:42:32] [INFO] [URSystem] System started
[16:13:1] [INFO] [loger] Logging module started
[16:13:1] [INFO] [URSecurity] Succes load SSL
[16:13:1] [INFO] [web components] Succes starting server
[16:13:1] [INFO] [UPStarter] Succes starting UPStarter
[16:13:1] [INFO] [URSystem] System started
[16:24:55] [INFO] [loger] Logging module started
[16:24:55] [INFO] [URSecurity] Succes load SSL
[16:24:55] [INFO] [web components] Succes starting server
[16:24:55] [INFO] [UPStarter] Succes starting UPStarter
[16:24:55] [INFO] [URSystem] System started
[16:26:29] [INFO] [loger] Logging module started
[16:26:29] [INFO] [URSecurity] Succes load SSL
[16:26:29] [INFO] [web components] Succes starting server
[16:26:29] [INFO] [UPStarter] Succes starting UPStarter
[16:26:29] [INFO] [URSystem] System started
[16:29:25] [INFO] [loger] Logging module started
[16:29:25] [INFO] [URSecurity] Succes load SSL
[16:29:25] [INFO] [web components] Succes starting server
[16:29:26] [INFO] [UPStarter] Succes starting UPStarter
[16:29:26] [INFO] [URSystem] System started
[16:31:54] [INFO] [loger] Logging module started
[16:31:54] [INFO] [URSecurity] Succes load SSL
[16:31:54] [INFO] [web components] Succes starting server
[16:31:54] [INFO] [UPStarter] Succes starting UPStarter
[16:31:54] [INFO] [URSystem] System started
[16:44:58] [INFO] [loger] Logging module started
[16:44:58] [INFO] [URSecurity] Succes load SSL
[16:44:58] [INFO] [web components] Succes starting server
[16:44:58] [INFO] [UPStarter] Succes starting UPStarter
[16:44:58] [INFO] [URSystem] System started
[16:46:23] [INFO] [loger] Logging module started
[16:46:23] [INFO] [URSecurity] Succes load SSL
[16:46:23] [INFO] [web components] Succes starting server
[16:46:23] [INFO] [UPStarter] Succes starting UPStarter
[16:46:23] [INFO] [URSystem] System started
[16:51:21] [INFO] [loger] Logging module started
[16:51:21] [INFO] [URSecurity] Succes load SSL
[16:51:21] [INFO] [web components] Succes starting server
[16:51:21] [INFO] [UPStarter] Succes starting UPStarter
[16:51:21] [INFO] [URSystem] System started
[16:53:0] [INFO] [loger] Logging module started
[16:53:0] [INFO] [URSecurity] Succes load SSL
[16:53:0] [INFO] [web components] Succes starting server
[16:53:0] [INFO] [UPStarter] Succes starting UPStarter
[16:53:0] [INFO] [URSystem] System started
[16:55:24] [INFO] [loger] Logging module started
[16:55:24] [INFO] [URSecurity] Succes load SSL
[16:55:24] [INFO] [web components] Succes starting server
[16:55:24] [INFO] [UPStarter] Succes starting UPStarter
[16:55:24] [INFO] [URSystem] System started