[20:28:47] [INFO] [loger] Logging module started
[20:28:47] [INFO] [URSecurity] Succes load SSL
[20:28:47] [INFO] [web components] Succes starting server
[20:28:47] [INFO] [UPStarter] Succes starting UPStarter
[20:28:47] [INFO] [URSystem] System started
[20:30:54] [INFO] [loger] Logging module started
[20:30:54] [INFO] [URSecurity] Succes load SSL
[20:30:54] [INFO] [web components] Succes starting server
[20:30:54] [INFO] [UPStarter] Succes starting UPStarter
[20:30:54] [INFO] [URSystem] System started
[20:38:49] [INFO] [loger] Logging module started
[20:38:49] [INFO] [URSecurity] Succes load SSL
[20:38:49] [INFO] [web components] Succes starting server
[20:38:49] [INFO] [UPStarter] Succes starting UPStarter
[20:38:49] [INFO] [URSystem] System started
[20:39:32] [INFO] [loger] Logging module started
[20:39:32] [INFO] [URSecurity] Succes load SSL
[20:39:32] [INFO] [web components] Succes starting server
[20:39:32] [INFO] [UPStarter] Succes starting UPStarter
[20:39:32] [INFO] [URSystem] System started
[20:44:6] [INFO] [loger] Logging module started
[20:44:6] [INFO] [URSecurity] Succes load SSL
[20:44:6] [INFO] [web components] Succes starting server
[20:44:6] [INFO] [UPStarter] Succes starting UPStarter
[20:44:6] [INFO] [URSystem] System started
[20:45:44] [INFO] [loger] Logging module started
[20:45:44] [INFO] [URSecurity] Succes load SSL
[20:45:44] [INFO] [web components] Succes starting server
[20:45:44] [INFO] [UPStarter] Succes starting UPStarter
[20:45:44] [INFO] [URSystem] System started
[20:46:20] [INFO] [loger] Logging module started
[20:46:20] [INFO] [URSecurity] Succes load SSL
[20:46:20] [INFO] [web components] Succes starting server
[20:46:20] [INFO] [UPStarter] Succes starting UPStarter
[20:46:20] [INFO] [URSystem] System started
[20:51:30] [INFO] [loger] Logging module started
[20:51:30] [INFO] [URSecurity] Succes load SSL
[20:51:30] [INFO] [web components] Succes starting server
[20:51:30] [INFO] [UPStarter] Succes starting UPStarter
[20:51:30] [INFO] [URSystem] System started
[20:52:31] [INFO] [loger] Logging module started
[20:52:31] [INFO] [URSecurity] Succes load SSL
[20:52:31] [INFO] [web components] Succes starting server
[20:52:31] [INFO] [UPStarter] Succes starting UPStarter
[20:52:31] [INFO] [URSystem] System started
[20:54:9] [INFO] [loger] Logging module started
[20:54:9] [INFO] [URSecurity] Succes load SSL
[20:54:9] [INFO] [web components] Succes starting server
[20:54:9] [INFO] [UPStarter] Succes starting UPStarter
[20:54:9] [INFO] [URSystem] System started
[20:54:41] [INFO] [loger] Logging module started
[20:54:41] [INFO] [URSecurity] Succes load SSL
[20:54:41] [INFO] [web components] Succes starting server
[20:54:41] [INFO] [UPStarter] Succes starting UPStarter
[20:54:41] [INFO] [URSystem] System started
[21:0:51] [INFO] [loger] Logging module started
[21:0:52] [INFO] [URSecurity] Succes load SSL
[21:0:52] [INFO] [web components] Succes starting server
[21:0:52] [INFO] [UPStarter] Succes starting UPStarter
[21:0:52] [INFO] [URSystem] System started
[21:3:52] [INFO] [loger] Logging module started
[21:3:52] [INFO] [URSecurity] Succes load SSL
[21:3:52] [INFO] [web components] Succes starting server
[21:3:52] [INFO] [UPStarter] Succes starting UPStarter
[21:3:52] [INFO] [URSystem] System started
[21:5:19] [INFO] [loger] Logging module started
[21:5:19] [INFO] [URSecurity] Succes load SSL
[21:5:19] [INFO] [web components] Succes starting server
[21:5:19] [INFO] [UPStarter] Succes starting UPStarter
[21:5:19] [INFO] [URSystem] System started
[21:6:20] [INFO] [loger] Logging module started
[21:6:20] [INFO] [URSecurity] Succes load SSL
[21:6:20] [INFO] [web components] Succes starting server
[21:6:20] [INFO] [UPStarter] Succes starting UPStarter
[21:6:20] [INFO] [URSystem] System started
[21:8:13] [INFO] [loger] Logging module started
[21:8:14] [INFO] [URSecurity] Succes load SSL
[21:8:14] [INFO] [web components] Succes starting server
[21:8:14] [INFO] [UPStarter] Succes starting UPStarter
[21:8:14] [INFO] [URSystem] System started
[21:8:45] [INFO] [loger] Logging module started
[21:8:45] [INFO] [URSecurity] Succes load SSL
[21:8:45] [INFO] [web components] Succes starting server
[21:8:45] [INFO] [UPStarter] Succes starting UPStarter
[21:8:45] [INFO] [URSystem] System started
[21:10:9] [INFO] [loger] Logging module started
[21:10:9] [INFO] [URSecurity] Succes load SSL
[21:10:9] [INFO] [web components] Succes starting server
[21:10:9] [INFO] [UPStarter] Succes starting UPStarter
[21:10:9] [INFO] [URSystem] System started
[21:11:19] [INFO] [loger] Logging module started
[21:11:19] [INFO] [URSecurity] Succes load SSL
[21:11:19] [INFO] [web components] Succes starting server
[21:11:19] [INFO] [UPStarter] Succes starting UPStarter
[21:11:19] [INFO] [URSystem] System started
[21:17:19] [INFO] [loger] Logging module started
[21:17:19] [INFO] [URSecurity] Succes load SSL
[21:17:19] [INFO] [web components] Succes starting server
[21:17:19] [INFO] [UPStarter] Succes starting UPStarter
[21:17:19] [INFO] [URSystem] System started
[21:19:35] [INFO] [loger] Logging module started
[21:19:35] [INFO] [URSecurity] Succes load SSL
[21:19:35] [INFO] [web components] Succes starting server
[21:19:35] [INFO] [UPStarter] Succes starting UPStarter
[21:19:35] [INFO] [URSystem] System started
[21:24:29] [INFO] [loger] Logging module started
[21:24:29] [INFO] [URSecurity] Succes load SSL
[21:24:29] [INFO] [web components] Succes starting server
[21:24:29] [INFO] [UPStarter] Succes starting UPStarter
[21:24:29] [INFO] [URSystem] System started
[21:28:28] [INFO] [loger] Logging module started
[21:28:28] [INFO] [URSecurity] Succes load SSL
[21:28:28] [INFO] [web components] Succes starting server
[21:28:28] [INFO] [UPStarter] Succes starting UPStarter
[21:28:28] [INFO] [URSystem] System started