[20:24:45] [INFO] [Loger] Logging module started
[20:24:46] [INFO] [URSecurity] Succes load SSL
[20:24:46] [INFO] [web components] Succes starting server
[20:24:46] [INFO] [UPStarter] Succes starting UPStarter
[20:24:46] [INFO] [URSystem] System started
[20:25:2] [INFO] [Loger] Logging module started
[20:25:2] [INFO] [URSecurity] Succes load SSL
[20:25:2] [INFO] [web components] Succes starting server
[20:25:2] [INFO] [UPStarter] Succes starting UPStarter
[20:25:2] [INFO] [URSystem] System started
[20:25:16] [INFO] [Loger] Logging module started
[20:25:16] [INFO] [URSecurity] Succes load SSL
[20:25:16] [INFO] [web components] Succes starting server
[20:25:16] [INFO] [UPStarter] Succes starting UPStarter
[20:25:16] [INFO] [URSystem] System started
[20:27:54] [INFO] [Loger] Logging module started
[20:27:54] [INFO] [URSecurity] Succes load SSL
[20:27:54] [INFO] [web components] Succes starting server
[20:27:54] [INFO] [UPStarter] Succes starting UPStarter
[20:27:54] [INFO] [URSystem] System started
[20:28:37] [INFO] [Loger] Logging module started
[20:28:37] [INFO] [URSecurity] Succes load SSL
[20:28:37] [INFO] [web components] Succes starting server
[20:28:37] [INFO] [UPStarter] Succes starting UPStarter
[20:28:37] [INFO] [URSystem] System started
[20:28:38] [INFO] [URSystem] Robots was geted user with token: de936187eb4a21beef5599c188e96568a0e2c168332857f292a226b03f4bccda
[20:28:38] [INFO] [URSystem] Robot was geted user with token: 3cc1e054e86cf143a19927047faa5b8996618ecd99208ba7bf8068c4e9e38fbf
[20:28:41] [INFO] [URSystem] Robots was geted user with token: 4bb6e5246084fa7a6402231ba45bd1e49c87003b560e1a6dfaff179ec5512ead
[20:28:41] [INFO] [URSystem] Robot was geted user with token: 80ac6d19357739da1398c848912bed4834f6d89c86b04e440302d789c6122389
[20:28:44] [INFO] [URSystem] Robots was geted user with token: edff49a3e0b65c4e2a14a54a77322953c5d035f79c9e370f3ae353af6a544125
[20:28:44] [INFO] [URSystem] Robot was geted user with token: 4cfd8119c9c3269ad7f2cb658969eae8b090d51b9128956d0d9dd33160fcdba1
[20:28:47] [INFO] [URSystem] Robots was geted user with token: cabc3f09e6ada574f8fc6a007cce24edc45dcc04824773e408a17029068c15eb
[20:28:47] [INFO] [URSystem] Robot was geted user with token: 60c3a46da6e98378e174ef0abb8176331a814acb4dad53d5f07e7e041c8e70d0
[20:28:50] [INFO] [URSystem] Robots was geted user with token: 1c43021607584c07c23ca3aba42f90216805e3c6a4c8a3984e1a83b0e5702641
[20:28:50] [INFO] [URSystem] Robot was geted user with token: ba5f6ef86a05597d5a7d00d7ec9a1a0b17175ae73df99a940f1b41e301acb399
[20:28:53] [INFO] [URSystem] Robots was geted user with token: 0e2ab2a0dae647545000385edf62e6a374202d03a9228e61b44dff633e07233a
[20:28:54] [INFO] [URSystem] Robot was geted user with token: 68919892326e76a479db79845f5aaf0f713173bb93f02463804178dd1b3ca0e8
[20:28:57] [INFO] [URSystem] Robots was geted user with token: 92bc48d5e1905f990385517be82f4a4ffa26f93fac1bf767b9b7d43b419eb77e
[20:28:57] [INFO] [URSystem] Robot was geted user with token: af04a3a254acdf40148e266c1615a8fb22958cc9f44195df21e155b6f42f3168
[20:29:0] [INFO] [URSystem] Robots was geted user with token: b4fb9714de8ea846c9b3fd960fdc84fa0e6ff8658a279f07ea0a409b23f392ae
[20:29:0] [INFO] [URSystem] Robot was geted user with token: 5b4d3c24f4dc463f44dfaede9abfee7bca48612b1156a3196a44f3f9a23be068
[20:29:3] [INFO] [URSystem] Robots was geted user with token: 7a59b3073e71fcf22844df5954d40e2dfc0abbd3c0d54a6894749fa340927045
[20:29:3] [INFO] [URSystem] Robot was geted user with token: f155bc64c9044cb842cac47e15d6a996773b6ac57a66deb7cd23638c57b9bf69
[20:29:6] [INFO] [URSystem] Robots was geted user with token: 230efc274d7c35febb6a7a829aab79b57dfdf11409d6b69a45a6894215fdd016
[20:29:6] [INFO] [URSystem] Robot was geted user with token: 676eb4aa445911739a9d9918ab61e9cf474a7b172413bbef1a751f25d0b500fc