[20:32:21] [INFO] Logging module started
[20:32:21] [INFO] Was setted robot current position: 0,40,0,150
[20:32:21] [INFO] Logging module started
[20:32:21] [INFO] Was setted robot current speed: 1,1,1,1
[20:37:2] [INFO] Logging module started
[20:37:2] [INFO] Was setted robot current position: 0,40,0,150
[20:37:2] [INFO] Logging module started
[20:37:2] [INFO] Was setted robot current speed: 1,1,1,1
[20:37:21] [INFO] Logging module started
[20:37:21] [INFO] Was setted robot current position: 100,40,0,150
[20:37:21] [INFO] Logging module started
[20:37:21] [INFO] Was setted robot current speed: 1,1,1,1
[20:37:50] [INFO] Logging module started
[20:37:50] [INFO] Was setted robot current position: 100,40,0,150
[20:37:50] [INFO] Logging module started
[20:37:50] [INFO] Was setted robot current speed: 1,1,1,1
[20:38:18] [INFO] Logging module started
[20:38:18] [INFO] Was setted robot current position: 100,40,0,150
[20:38:18] [INFO] Logging module started
[20:38:18] [INFO] Was setted robot current speed: 1,1,1,1
[20:39:13] [INFO] Logging module started
[20:39:13] [INFO] Was setted robot current position: 100,40,0,150
[20:39:13] [INFO] Logging module started
[20:39:13] [INFO] Was setted robot current speed: 1,1,1,1
[20:40:46] [INFO] Logging module started
[20:40:46] [INFO] Was setted robot current position: 100,40,0,150
[20:40:46] [INFO] Logging module started
[20:40:46] [INFO] Was setted robot current speed: 1,1,1,1
[20:41:5] [INFO] Logging module started
[20:41:5] [INFO] Was setted robot current position: 100,40,0,150
[20:41:5] [INFO] Logging module started
[20:41:5] [INFO] Was setted robot current speed: 1,1,1,1
[20:44:17] [INFO] Logging module started
[20:44:17] [INFO] Was setted robot current position: 100,40,0,150
[20:44:17] [INFO] Logging module started
[20:44:17] [INFO] Was setted robot current speed: 1,1,1,1
[20:45:53] [INFO] Logging module started
[20:45:53] [INFO] Was setted robot current position: 100,40,0,150
[20:45:53] [INFO] Logging module started
[20:45:53] [INFO] Was setted robot current speed: 1,1,1,1
[20:47:27] [INFO] Logging module started
[20:47:27] [INFO] Was setted robot current position: 200,40,0,150
[20:47:27] [INFO] Logging module started
[20:47:27] [INFO] Was setted robot current speed: 1,1,1,1
[20:47:36] [INFO] Logging module started
[20:47:36] [INFO] Was setted robot current position: 100,140,-40,10
[20:47:36] [INFO] Logging module started
[20:47:36] [INFO] Was setted robot current speed: 1,1,1,1
[20:47:59] [INFO] Logging module started
[20:47:59] [INFO] Was setted robot current position: 200,40,0,150
[20:47:59] [INFO] Logging module started
[20:47:59] [INFO] Was setted robot current speed: 1,1,1,1
[20:48:9] [INFO] Logging module started
[20:48:9] [INFO] Was setted robot current position: 100,140,-40,10
[20:48:9] [INFO] Logging module started
[20:48:9] [INFO] Was setted robot current speed: 1,1,1,1
[20:51:40] [INFO] Logging module started
[20:51:40] [INFO] Was setted robot current speed: 1,1,1,1
[20:51:40] [INFO] Logging module started
[20:51:40] [INFO] Was setted robot current speed: 1,1,1,1
[20:51:47] [INFO] Logging module started
[20:51:47] [INFO] Was setted robot current speed: 1,1,1,1
[20:51:47] [INFO] Logging module started
[20:51:47] [INFO] Was setted robot current speed: 1,1,1,1
[20:52:43] [INFO] Logging module started
[20:52:43] [INFO] Was setted robot current position: 200,40,0,150
[20:52:43] [INFO] Logging module started
[20:52:43] [INFO] Was setted robot current speed: 1,1,1,1
[20:52:52] [INFO] Logging module started
[20:52:52] [INFO] Was setted robot current position: 100,140,-40,10
[20:52:52] [INFO] Logging module started
[20:52:52] [INFO] Was setted robot current speed: 1,1,1,1
[20:54:14] [INFO] Logging module started
[20:54:14] [INFO] Was setted robot current position: 200,40,0,150
[20:54:14] [INFO] Logging module started
[20:54:14] [INFO] Was setted robot current speed: 1,1,1,1
[20:54:14] [INFO] Logging module started
[20:54:14] [INFO] Was setted robot current position: 100,140,-40,10
[20:54:14] [INFO] Logging module started
[20:54:14] [INFO] Was setted robot current speed: 1,1,1,1
[20:54:44] [INFO] Logging module started
[20:54:44] [INFO] Was setted robot current position: 200,40,0,150
[20:54:44] [INFO] Logging module started
[20:54:44] [INFO] Was setted robot current speed: 1,1,1,1
[20:54:44] [INFO] Logging module started
[20:54:44] [INFO] Was setted robot current position: 100,140,-40,10
[20:54:44] [INFO] Logging module started
[20:54:44] [INFO] Was setted robot current speed: 1,1,1,1
[20:54:55] [INFO] Logging module started
[20:54:55] [INFO] Was setted robot current position: 200,40,0,150
[20:54:55] [INFO] Logging module started
[20:54:55] [INFO] Was setted robot current speed: 1,1,1,1
[20:54:55] [INFO] Logging module started
[20:54:55] [INFO] Was setted robot current position: 100,140,-40,10
[20:54:55] [INFO] Logging module started
[20:54:55] [INFO] Was setted robot current speed: 1,1,1,1
[21:1:10] [INFO] Logging module started
[21:1:10] [INFO] Was setted robot current position: 200,40,0,150
[21:1:10] [INFO] Logging module started
[21:1:10] [INFO] Was setted robot current speed: 1,1,1,1
[21:1:13] [INFO] Logging module started
[21:1:13] [INFO] Was setted robot current position: 100,140,-40,10
[21:1:13] [INFO] Logging module started
[21:1:13] [INFO] Was setted robot current speed: 1,1,1,1
[21:1:19] [INFO] Logging module started
[21:1:19] [INFO] Was setted robot current position: 200,40,0,150
[21:1:19] [INFO] Logging module started
[21:1:19] [INFO] Was setted robot current speed: 1,1,1,1
[21:1:20] [INFO] Logging module started
[21:1:20] [INFO] Was setted robot current position: 100,140,-40,10
[21:1:20] [INFO] Logging module started
[21:1:20] [INFO] Was setted robot current speed: 1,1,1,1
[21:1:37] [INFO] Logging module started
[21:1:37] [INFO] Was setted robot current position: 200,40,0,150
[21:1:37] [INFO] Logging module started
[21:1:37] [INFO] Was setted robot current speed: 1,1,1,1
[21:1:39] [INFO] Logging module started
[21:1:39] [INFO] Was setted robot current position: 100,140,-40,10
[21:1:39] [INFO] Logging module started
[21:1:39] [INFO] Was setted robot current speed: 1,1,1,1
[21:4:5] [INFO] Logging module started
[21:4:5] [INFO] Was setted robot current position: 200,40,0,150
[21:4:5] [INFO] Logging module started
[21:4:5] [INFO] Was setted robot current speed: 1,1,1,1
[21:4:5] [INFO] Logging module started
[21:4:5] [INFO] Was setted robot current position: 100,140,-40,10
[21:4:5] [INFO] Logging module started
[21:4:5] [INFO] Was setted robot current speed: 1,1,1,1
[21:8:49] [INFO] Logging module started
[21:8:49] [INFO] Was setted robot current position: 200,40,0,150
[21:8:49] [INFO] Logging module started
[21:8:49] [INFO] Was setted robot current speed: 1,1,1,1
[21:8:57] [INFO] Logging module started
[21:8:57] [INFO] Was setted robot current position: 200,40,0,150
[21:8:57] [INFO] Logging module started
[21:8:57] [INFO] Was setted robot current speed: 1,1,1,1
[21:8:57] [INFO] Logging module started
[21:8:57] [INFO] Was setted robot current position: 100,140,-40,10
[21:8:57] [INFO] Logging module started
[21:8:57] [INFO] Was setted robot current speed: 1,1,1,1
[21:9:12] [INFO] Logging module started
[21:9:12] [INFO] Was setted robot current position: 200,40,0,150
[21:9:12] [INFO] Logging module started
[21:9:12] [INFO] Was setted robot current speed: 1,1,1,1
[21:9:12] [INFO] Logging module started
[21:9:12] [INFO] Was setted robot current position: 100,140,-40,10
[21:9:12] [INFO] Logging module started
[21:9:12] [INFO] Was setted robot current speed: 1,1,1,1
[21:9:18] [INFO] Logging module started
[21:9:18] [INFO] Was setted robot current position: 200,40,0,150
[21:9:18] [INFO] Logging module started
[21:9:18] [INFO] Was setted robot current speed: 1,1,1,1
[21:9:18] [INFO] Logging module started
[21:9:18] [INFO] Was setted robot current position: 100,140,-40,10
[21:9:18] [INFO] Logging module started
[21:9:18] [INFO] Was setted robot current speed: 1,1,1,1
[21:9:24] [INFO] Logging module started
[21:9:24] [INFO] Was setted robot current position: 200,40,0,150
[21:9:24] [INFO] Logging module started
[21:9:24] [INFO] Was setted robot current speed: 1,1,1,1
[21:9:30] [INFO] Logging module started
[21:9:30] [INFO] Was setted robot current position: 200,40,0,150
[21:9:30] [INFO] Logging module started
[21:9:30] [INFO] Was setted robot current speed: 1,1,1,1
[21:9:30] [INFO] Logging module started
[21:9:30] [INFO] Was setted robot current position: 100,140,-40,10
[21:9:30] [INFO] Logging module started
[21:9:30] [INFO] Was setted robot current speed: 1,1,1,1
[21:11:28] [INFO] Logging module started
[21:11:28] [INFO] Was setted robot current position: 200,40,0,150
[21:11:28] [INFO] Logging module started
[21:11:28] [INFO] Was setted robot current speed: 1,1,1,1
[21:11:30] [INFO] Logging module started
[21:11:30] [INFO] Was setted robot current speed: 1,1,1,1
[21:11:32] [INFO] Logging module started
[21:11:32] [INFO] Was setted robot current position: 200,40,0,150
[21:11:32] [INFO] Logging module started
[21:11:32] [INFO] Was setted robot current speed: 1,1,1,1
[21:11:34] [INFO] Logging module started
[21:11:34] [INFO] Was setted robot current position: 100,140,-40,10
[21:11:34] [INFO] Logging module started
[21:11:34] [INFO] Was setted robot current speed: 1,1,1,1
[21:14:40] [INFO] Logging module started
[21:14:40] [INFO] Was setted robot current position: 200,40,0,150
[21:14:40] [INFO] Logging module started
[21:14:40] [INFO] Was setted robot current speed: 1,1,1,1
[21:14:41] [INFO] Logging module started
[21:14:41] [INFO] Was setted robot current position: 100,140,-40,10
[21:14:42] [INFO] Logging module started
[21:14:42] [INFO] Was setted robot current speed: 1,1,1,1
[21:16:7] [INFO] Logging module started
[21:16:7] [INFO] Was setted robot current position: 200,40,0,150
[21:16:7] [INFO] Logging module started
[21:16:7] [INFO] Was setted robot current speed: 1,1,1,1
[21:16:8] [INFO] Logging module started
[21:16:8] [INFO] Was setted robot current position: 100,140,-40,10
[21:16:8] [INFO] Logging module started
[21:16:8] [INFO] Was setted robot current speed: 1,1,1,1
[21:16:12] [INFO] Logging module started
[21:16:12] [INFO] Was setted robot current position: 200,40,0,150
[21:16:12] [INFO] Logging module started
[21:16:12] [INFO] Was setted robot current speed: 1,1,1,1
[21:16:12] [INFO] Logging module started
[21:16:12] [INFO] Was setted robot current position: 100,140,-40,10
[21:16:12] [INFO] Logging module started
[21:16:12] [INFO] Was setted robot current speed: 1,1,1,1
[21:16:21] [INFO] Logging module started
[21:16:21] [INFO] Was setted robot current position: 200,40,0,150
[21:16:21] [INFO] Logging module started
[21:16:21] [INFO] Was setted robot current speed: 1,1,1,1
[21:16:21] [INFO] Logging module started
[21:16:21] [INFO] Was setted robot current position: 100,140,-40,10
[21:16:21] [INFO] Logging module started
[21:16:21] [INFO] Was setted robot current speed: 1,1,1,1
[21:16:23] [INFO] Logging module started
[21:16:23] [INFO] Was setted robot current position: 200,40,0,150
[21:16:23] [INFO] Logging module started
[21:16:23] [INFO] Was setted robot current speed: 1,1,1,1
[21:16:23] [INFO] Logging module started
[21:16:23] [INFO] Was setted robot current position: 100,140,-40,10
[21:16:24] [INFO] Logging module started
[21:16:24] [INFO] Was setted robot current speed: 1,1,1,1
[21:16:25] [INFO] Logging module started
[21:16:25] [INFO] Was setted robot current position: 200,40,0,150
[21:16:25] [INFO] Logging module started
[21:16:25] [INFO] Was setted robot current speed: 1,1,1,1
[21:16:25] [INFO] Logging module started
[21:16:25] [INFO] Was setted robot current position: 100,140,-40,10
[21:16:25] [INFO] Logging module started
[21:16:25] [INFO] Was setted robot current speed: 1,1,1,1
[21:19:48] [INFO] Logging module started
[21:19:48] [INFO] Was setted robot current position: 200,40,0,150
[21:19:48] [INFO] Logging module started
[21:19:48] [INFO] Was setted robot current speed: 1,1,1,1
[21:19:49] [INFO] Logging module started
[21:19:49] [INFO] Was setted robot current position: 100,140,-40,10
[21:19:49] [INFO] Logging module started
[21:19:49] [INFO] Was setted robot current speed: 1,1,1,1
[21:19:59] [INFO] Logging module started
[21:19:59] [INFO] Was setted robot current position: 200,40,0,150
[21:19:59] [INFO] Logging module started
[21:19:59] [INFO] Was setted robot current speed: 1,1,1,1
[21:20:1] [INFO] Logging module started
[21:20:1] [INFO] Was setted robot current position: 100,140,-40,10
[21:20:1] [INFO] Logging module started
[21:20:1] [INFO] Was setted robot current speed: 1,1,1,1
[21:20:7] [INFO] Logging module started
[21:20:7] [INFO] Was setted robot current position: 200,40,0,150
[21:20:7] [INFO] Logging module started
[21:20:7] [INFO] Was setted robot current speed: 1,1,1,1
[21:20:8] [INFO] Logging module started
[21:20:8] [INFO] Was setted robot current position: 100,140,-40,10
[21:20:8] [INFO] Logging module started
[21:20:8] [INFO] Was setted robot current speed: 1,1,1,1
[21:20:16] [INFO] Logging module started
[21:20:16] [INFO] Was setted robot current position: 200,40,0,150
[21:20:16] [INFO] Logging module started
[21:20:16] [INFO] Was setted robot current speed: 1,1,1,1
[21:20:17] [INFO] Logging module started
[21:20:17] [INFO] Was setted robot current position: 100,140,-40,10
[21:20:18] [INFO] Logging module started
[21:20:18] [INFO] Was setted robot current speed: 1,1,1,1
[21:20:43] [INFO] Logging module started
[21:20:43] [INFO] Was setted robot current position: 200,40,0,150
[21:20:43] [INFO] Logging module started
[21:20:43] [INFO] Was setted robot current speed: 0.5,0.5,0.5,0.5
[21:20:44] [INFO] Logging module started
[21:20:44] [INFO] Was setted robot current position: 100,140,-40,10
[21:20:44] [INFO] Logging module started
[21:20:44] [INFO] Was setted robot current speed: 0.5,0.5,0.5,0.5
[21:24:39] [INFO] Logging module started
[21:24:39] [INFO] Was setted robot current position: 200,40,0,150
[21:24:39] [INFO] Logging module started
[21:24:39] [INFO] Was setted robot current speed: 0.5,0.5,0.5,0.5
[21:24:41] [INFO] Logging module started
[21:24:41] [INFO] Was setted robot current position: 100,140,-40,10
[21:24:41] [INFO] Logging module started
[21:24:41] [INFO] Was setted robot current speed: 0.5,0.5,0.5,0.5
[21:24:56] [INFO] Logging module started
[21:24:56] [INFO] Was setted robot current position: 200,40,0,150
[21:24:56] [INFO] Logging module started
[21:24:56] [INFO] Was setted robot current speed: 1,1,1,1
[21:24:58] [INFO] Logging module started
[21:24:58] [INFO] Was setted robot current position: 100,140,-40,10
[21:24:58] [INFO] Logging module started
[21:24:58] [INFO] Was setted robot current speed: 1,1,1,1
[21:25:3] [INFO] Logging module started
[21:25:3] [INFO] Was setted robot current position: 200,40,0,150
[21:25:3] [INFO] Logging module started
[21:25:3] [INFO] Was setted robot current speed: 1,1,1,1
[21:25:5] [INFO] Logging module started
[21:25:5] [INFO] Was setted robot current position: 100,140,-40,10
[21:25:5] [INFO] Logging module started
[21:25:5] [INFO] Was setted robot current speed: 1,1,1,1
[21:26:12] [INFO] Logging module started
[21:26:12] [INFO] The robot has been moved to coordinates: X-100,Y-0,Z-67.117
[21:26:12] [INFO] Logging module started
[21:26:12] [INFO] The robot has been moved to coordinates: X-200,Y-0,Z-67.117
[21:26:12] [INFO] Logging module started
[21:26:12] [INFO] The robot has been moved to coordinates: X-200,Y-100,Z-67.117
[21:26:12] [INFO] Logging module started
[21:26:12] [INFO] The robot has been moved to coordinates: X-100,Y-100,Z-67.117
[21:26:13] [INFO] Logging module started
[21:26:13] [INFO] The robot has been moved to coordinates: X-100,Y-0,Z-67.117
[21:26:24] [INFO] Logging module started
[21:26:24] [INFO] The robot has been moved to coordinates: X-100,Y-0,Z-67.117
[21:26:25] [INFO] Logging module started
[21:26:25] [INFO] The robot has been moved to coordinates: X-200,Y-0,Z-67.117
[21:26:25] [INFO] Logging module started
[21:26:25] [INFO] The robot has been moved to coordinates: X-200,Y-100,Z-67.117
[21:26:25] [INFO] Logging module started
[21:26:25] [INFO] The robot has been moved to coordinates: X-100,Y-100,Z-67.117
[21:26:25] [INFO] Logging module started
[21:26:25] [INFO] The robot has been moved to coordinates: X-100,Y-0,Z-67.117
[21:26:38] [INFO] Logging module started
[21:26:38] [INFO] The robot has been moved to coordinates: X-100,Y-0,Z-67.117
[21:26:38] [INFO] Logging module started
[21:26:38] [INFO] The robot has been moved to coordinates: X-200,Y-0,Z-67.117
[21:26:38] [INFO] Logging module started
[21:26:38] [INFO] The robot has been moved to coordinates: X-200,Y-100,Z-67.117
[21:26:38] [INFO] Logging module started
[21:26:38] [INFO] The robot has been moved to coordinates: X-100,Y-100,Z-67.117
[21:26:38] [INFO] Logging module started
[21:26:38] [INFO] The robot has been moved to coordinates: X-100,Y-0,Z-67.117
[21:28:34] [INFO] Logging module started
[21:28:34] [INFO] The robot has been moved to coordinates: X-100,Y-0,Z-67.117
[21:28:36] [INFO] Logging module started
[21:28:36] [INFO] The robot has been moved to coordinates: X-200,Y-0,Z-67.117
[21:28:38] [INFO] Logging module started
[21:28:38] [INFO] The robot has been moved to coordinates: X-200,Y-100,Z-67.117
[21:28:40] [INFO] Logging module started
[21:28:40] [INFO] The robot has been moved to coordinates: X-100,Y-100,Z-67.117
[21:28:42] [INFO] Logging module started
[21:28:42] [INFO] The robot has been moved to coordinates: X-100,Y-0,Z-67.117
[21:28:50] [INFO] Logging module started
[21:28:50] [INFO] The robot has been moved to coordinates: X-100,Y-0,Z-67.117
[21:28:52] [INFO] Logging module started
[21:28:52] [INFO] The robot has been moved to coordinates: X-200,Y-0,Z-67.117
[21:28:54] [INFO] Logging module started
[21:28:54] [INFO] The robot has been moved to coordinates: X-200,Y-100,Z-67.117
[21:28:56] [INFO] Logging module started
[21:28:56] [INFO] The robot has been moved to coordinates: X-100,Y-100,Z-67.117
[21:28:59] [INFO] Logging module started
[21:28:59] [INFO] The robot has been moved to coordinates: X-100,Y-0,Z-67.117
[21:36:36] [INFO] Logging module started
[21:36:36] [INFO] Was setted robot current position: 0.0,120.73343273066395,146.89135306593082,-73.83405832226681
[21:36:38] [INFO] Logging module started
[21:36:38] [INFO] Was setted robot current speed: 0.0,0.8228307712141497,1.0,0.9357216058889405
[21:36:39] [INFO] Logging module started
[21:36:39] [INFO] Was setted robot current position: 0.0,92.78726849689957,126.79892033817596,-42.9308899361454
[21:36:41] [INFO] Logging module started
[21:36:41] [INFO] Was setted robot current speed: 0.0,0.9050062155252223,0.6385649465863382,1.0
[21:36:41] [INFO] Logging module started
[21:36:41] [INFO] Was setted robot current position: 26.56505117707799,86.41422282897054,120.5434396625897,-40.81533811786337
[21:36:43] [INFO] Logging module started
[21:36:43] [INFO] Was setted robot current speed: 1.0,0.21026788669803978,0.20540372013732694,0.04459475249040107
[21:36:43] [INFO] Logging module started
[21:36:43] [INFO] Was setted robot current position: 45.0,98.59590802101444,132.85008627005703,-77.10320221482746
[21:36:45] [INFO] Logging module started
[21:36:45] [INFO] Was setted robot current speed: 0.5120851804108454,0.3394830437568207,0.34633361820510966,1.0
[21:36:50] [INFO] Logging module started
[21:36:50] [INFO] Was setted robot current position: 0.0,120.73343273066395,146.89135306593082,-73.83405832226681
[21:36:52] [INFO] Logging module started
[21:36:52] [INFO] Was setted robot current speed: 1.0,0.5051873940147544,0.3309189570206848,0.07035425950518194
[21:37:32] [INFO] Logging module started
[21:37:32] [INFO] Was setted robot current position: 0.0,120.73343273066395,146.89135306593082,-73.83405832226681
[21:37:34] [INFO] Logging module started
[21:37:34] [INFO] Was setted robot current speed: 0.0,0.8228307712141497,1.0,0.9357216058889405
[21:37:35] [INFO] Logging module started
[21:37:35] [INFO] Was setted robot current position: 0.0,92.78726849689957,126.79892033817596,-42.9308899361454
[21:37:37] [INFO] Logging module started
[21:37:37] [INFO] Was setted robot current speed: 0.0,0.9050062155252223,0.6385649465863382,1.0
[21:37:37] [INFO] Logging module started
[21:37:37] [INFO] Was setted robot current position: 26.56505117707799,86.41422282897054,120.5434396625897,-40.81533811786337
[21:37:39] [INFO] Logging module started
[21:37:39] [INFO] Was setted robot current speed: 1.0,0.21026788669803978,0.20540372013732694,0.04459475249040107
[21:37:39] [INFO] Logging module started
[21:37:39] [INFO] Was setted robot current position: 45.0,98.59590802101444,132.85008627005703,-77.10320221482746
[21:37:41] [INFO] Logging module started
[21:37:41] [INFO] Was setted robot current speed: 0.5120851804108454,0.3394830437568207,0.34633361820510966,1.0
[21:37:45] [INFO] Logging module started
[21:37:45] [INFO] Was setted robot current position: 0.0,120.73343273066395,146.89135306593082,-73.83405832226681
[21:37:47] [INFO] Logging module started
[21:37:47] [INFO] Was setted robot current speed: 1.0,0.5051873940147544,0.3309189570206848,0.07035425950518194